<?xml version="1.0" encoding="UTF-8"?>
<testsuites name="TestSuite_1" time="0.29" tests="1" failures="0" errors="0">
   <testsuite name="TestSuite_1" tests="1" failures="0" errors="0" time="0.29" skipped="0" timestamp="2023-11-07 13:07:19" hostname="DS009$ - DS009.step.com" id="Test Suites/TestSuite_1">
      <properties>
         <property name="deviceName" value=""/>
         <property name="devicePlatform" value=""/>
         <property name="logFolder" value="C:\\Users\\A\\git\\katalonstudiogit\\Reports\\20231107_130708\\TestSuite_1\\20231107_130712"/>
         <property name="logFiles" value="C:\\Users\\A\\git\\katalonstudiogit\\Reports\\20231107_130708\\TestSuite_1\\20231107_130712\\execution0.log"/>
         <property name="attachments" value=""/>
         <property name="hostName" value="DS009$ - DS009.step.com"/>
         <property name="hostAddress" value="192.168.0.145"/>
         <property name="os" value="Windows 10 64bit"/>
         <property name="katalonVersion" value="9.0.0.212"/>
      </properties>
      <testcase name="Test Cases/Test_Case_1" time="0.151" classname="Test Cases/Test_Case_1" status="PASSED">
         <system-out><![CDATA[2023-11-07 13:07:19 - [TEST_CASE][PASSED] - Test Cases/Test_Case_1: Test Cases/Test_Case_1

2023-11-07 13:07:20 - [TEST_STEP][PASSED] - println("start process"): null

2023-11-07 13:07:20 - [TEST_STEP][PASSED] - println("start process"): null

2023-11-07 13:07:20 - [TEST_STEP][PASSED] - println("start process"): null]]></system-out>
         <system-err><![CDATA[]]></system-err>
      </testcase>
      <system-out><![CDATA[2023-11-07 13:07:19 - [TEST_SUITE][PASSED] - TestSuite_1: Test Cases/Test_Case_1]]></system-out>
      <system-err><![CDATA[]]></system-err>
   </testsuite>
</testsuites>
